{"level":"info","message":"Posts gets with succes!","service":"user-service"}
{"level":"info","message":"Posts gets with succes!","service":"user-service"}
{"level":"info","message":"Posts gets with succes!","service":"user-service"}
{"level":"info","message":"Posts gets with succes!","service":"user-service"}
{"level":"info","message":"Posts gets with succes!","service":"user-service"}
{"level":"info","message":"Posts gets with succes!","service":"user-service"}
{"level":"info","message":"Posts gets with succes!","service":"user-service"}
{"level":"info","message":"Posts gets with succes!","service":"user-service"}
{"level":"info","message":"Posts gets with succes!","service":"user-service"}
{"level":"info","message":"Posts gets with succes!","service":"user-service"}
{"level":"info","message":"Posts gets with succes!","service":"user-service"}
{"level":"info","message":"Posts gets with succes!","service":"user-service"}
{"level":"info","message":"Posts gets with succes!","service":"user-service"}
{"level":"info","message":"Posts gets with succes!","service":"user-service"}
{"level":"info","message":"Posts gets with succes!","service":"user-service"}
{"level":"info","message":"Posts gets with succes!","service":"user-service"}
{"level":"info","message":"Posts gets with succes!","service":"user-service"}
{"level":"info","message":"Posts gets with succes!","service":"user-service"}
{"level":"info","message":"Posts gets with succes!","service":"user-service"}
{"level":"info","message":"Posts gets with succes!","service":"user-service"}
{"level":"info","message":"Posts gets with succes!","service":"user-service"}
{"level":"info","message":"Posts gets with succes!","service":"user-service"}
{"level":"info","message":"Posts gets with succes!","service":"user-service"}
{"level":"info","message":"Posts gets with succes!","service":"user-service"}
{"level":"info","message":"Posts gets with succes!","service":"user-service"}
{"level":"info","message":"Posts gets with succes!","service":"user-service"}
{"level":"info","message":"Posts gets with succes!","service":"user-service"}
{"level":"info","message":"Posts gets with succes!","service":"user-service"}
{"level":"info","message":"Posts gets with succes!","service":"user-service"}
{"level":"info","message":"Posts gets with succes!","service":"user-service"}
{"level":"info","message":"Posts gets with succes!","service":"user-service"}
{"level":"info","message":"Posts gets with succes!","service":"user-service"}
{"level":"info","message":"Posts gets with succes!","service":"user-service"}
{"level":"info","message":"Posts gets with succes!","service":"user-service"}
{"level":"info","message":"Posts gets with succes!","service":"user-service"}
{"level":"info","message":"Posts gets with succes!","service":"user-service"}
{"level":"info","message":"Posts gets with succes!","service":"user-service"}
{"level":"info","message":"Posts gets with succes!","service":"user-service"}
{"level":"info","message":"Posts gets with succes!","service":"user-service"}
{"level":"info","message":"Posts gets with succes!","service":"user-service"}
{"level":"info","message":"Posts gets with succes!","service":"user-service"}
{"level":"info","message":"Posts gets with succes!","service":"user-service"}
{"level":"info","message":"Posts gets with succes!","service":"user-service"}
{"level":"info","message":"Posts gets with succes!","service":"user-service"}
{"level":"info","message":"Posts gets with succes!","service":"user-service"}
{"level":"info","message":"Posts gets with succes!","service":"user-service"}
{"level":"info","message":"Posts gets with succes!","service":"user-service"}
{"level":"info","message":"Posts gets with succes!","service":"user-service"}
{"level":"info","message":"Posts gets with succes!","service":"user-service"}
{"level":"info","message":"Posts gets with succes!","service":"user-service"}
{"level":"info","message":"Posts gets with succes!","service":"user-service"}
{"level":"info","message":"Posts gets with succes!","service":"user-service"}
{"level":"info","message":"Posts gets with succes!","service":"user-service"}
{"level":"info","message":"Posts gets with succes!","service":"user-service"}
{"level":"info","message":"Posts gets with succes!","service":"user-service"}
{"level":"info","message":"Posts gets with succes!","service":"user-service"}
{"level":"info","message":"Posts gets with succes!","service":"user-service"}
{"level":"info","message":"Posts gets with succes!","service":"user-service"}
{"level":"info","message":"Posts gets with succes!","service":"user-service"}
{"level":"info","message":"Posts gets with succes!","service":"user-service"}
{"level":"info","message":"Posts gets with succes!","service":"user-service"}
{"level":"info","message":"Posts gets with succes!","service":"user-service"}
{"level":"info","message":"Posts gets with succes!","service":"user-service"}
{"level":"info","message":"Posts gets with succes!","service":"user-service"}
{"level":"info","message":"Posts gets with succes!","service":"user-service"}
{"level":"info","message":"Posts gets with succes!","service":"user-service"}
{"level":"info","message":"Posts gets with succes!","service":"user-service"}
{"level":"info","message":"Posts gets with succes!","service":"user-service"}
{"level":"info","message":"Posts gets with succes!","service":"user-service"}
{"level":"info","message":"Posts gets with succes!","service":"user-service"}
{"level":"info","message":"Posts gets with succes!","service":"user-service"}
{"level":"info","message":"Posts gets with succes!","service":"user-service"}
{"level":"info","message":"Posts gets with succes!","service":"user-service"}
{"level":"info","message":"Posts gets with succes!","service":"user-service"}
{"level":"info","message":"Posts gets with succes!","service":"user-service"}
{"level":"info","message":"Posts gets with succes!","service":"user-service"}
{"level":"info","message":"Posts gets with succes!","service":"user-service"}
{"level":"info","message":"Posts gets with succes!","service":"user-service"}
{"level":"info","message":"Posts gets with succes!","service":"user-service"}
{"level":"info","message":"Posts gets with succes!","service":"user-service"}
{"level":"info","message":"Posts gets with succes!","service":"user-service"}
{"level":"info","message":"Posts gets with succes!","service":"user-service"}
{"level":"info","message":"Posts gets with succes!","service":"user-service"}
{"level":"info","message":"Posts gets with succes!","service":"user-service"}
{"level":"info","message":"Posts gets with succes!","service":"user-service"}
{"level":"info","message":"Posts gets with succes!","service":"user-service"}
{"level":"info","message":"Posts gets with succes!","service":"user-service"}
{"level":"info","message":"Posts gets with succes!","service":"user-service"}
{"level":"info","message":"Posts gets with succes!","service":"user-service"}
{"level":"info","message":"Posts gets with succes!","service":"user-service"}
{"level":"info","message":"Posts gets with succes!","service":"user-service"}
{"level":"info","message":"Posts gets with succes!","service":"user-service"}
{"level":"info","message":"Posts gets with succes!","service":"user-service"}
{"level":"info","message":"Posts gets with succes!","service":"user-service"}
{"level":"info","message":"Posts gets with succes!","service":"user-service"}
{"level":"info","message":"Posts gets with succes!","service":"user-service"}
{"level":"info","message":"Posts gets with succes!","service":"user-service"}
{"level":"info","message":"Posts gets with succes!","service":"user-service"}
{"level":"info","message":"Posts gets with succes!","service":"user-service"}
{"level":"info","message":"Posts gets with succes!","service":"user-service"}
{"level":"info","message":"Posts gets with succes!","service":"user-service"}
{"level":"info","message":"Posts gets with succes!","service":"user-service"}
{"level":"info","message":"Posts gets with succes!","service":"user-service"}
{"level":"info","message":"Posts gets with succes!","service":"user-service"}
{"level":"info","message":"Posts gets with succes!","service":"user-service"}
{"level":"info","message":"Posts gets with succes!","service":"user-service"}
{"level":"info","message":"Posts gets with succes!","service":"user-service"}
{"level":"info","message":"Posts gets with succes!","service":"user-service"}
{"level":"info","message":"Posts gets with succes!","service":"user-service"}
{"level":"info","message":"Posts gets with succes!","service":"user-service"}
{"level":"info","message":"Posts gets with succes!","service":"user-service"}
{"level":"info","message":"Posts gets with succes!","service":"user-service"}
{"level":"info","message":"Posts gets with succes!","service":"user-service"}
{"level":"info","message":"Posts gets with succes!","service":"user-service"}
{"level":"info","message":"Posts gets with succes!","service":"user-service"}
{"level":"info","message":"Posts gets with succes!","service":"user-service"}
{"level":"info","message":"Posts gets with succes!","service":"user-service"}
{"level":"info","message":"Posts gets with succes!","service":"user-service"}
{"level":"info","message":"Posts gets with succes!","service":"user-service"}
{"level":"info","message":"Posts gets with succes!","service":"user-service"}
{"level":"info","message":"Posts gets with succes!","service":"user-service"}
{"level":"info","message":"Posts gets with succes!","service":"user-service"}
{"level":"info","message":"Posts gets with succes!","service":"user-service"}
{"level":"info","message":"Posts gets with succes!","service":"user-service"}
{"level":"info","message":"Posts gets with succes!","service":"user-service"}
{"level":"info","message":"Posts gets with succes!","service":"user-service"}
{"level":"info","message":"Posts gets with succes!","service":"user-service"}
{"level":"info","message":"Posts gets with succes!","service":"user-service"}
{"level":"info","message":"Posts gets with succes!","service":"user-service"}
{"level":"info","message":"Posts gets with succes!","service":"user-service"}
{"level":"info","message":"Posts gets with succes!","service":"user-service"}
{"level":"info","message":"Posts gets with succes!","service":"user-service"}
{"level":"info","message":"Posts gets with succes!","service":"user-service"}
{"level":"info","message":"Posts gets with succes!","service":"user-service"}
{"level":"info","message":"Posts gets with succes!","service":"user-service"}
{"level":"info","message":"Posts gets with succes!","service":"user-service"}
{"level":"info","message":"Posts gets with succes!","service":"user-service"}
{"level":"info","message":"Posts gets with succes!","service":"user-service"}
{"level":"info","message":"Posts gets with succes!","service":"user-service"}
{"level":"info","message":"Posts gets with succes!","service":"user-service"}
{"level":"info","message":"Posts gets with succes!","service":"user-service"}
{"level":"info","message":"Posts gets with succes!","service":"user-service"}
{"level":"info","message":"Posts gets with succes!","service":"user-service"}
{"level":"info","message":"Posts gets with succes!","service":"user-service"}
{"level":"info","message":"Posts gets with succes!","service":"user-service"}
{"level":"info","message":"Posts gets with succes!","service":"user-service"}
{"level":"info","message":"Posts gets with succes!","service":"user-service"}
{"level":"info","message":"Posts gets with succes!","service":"user-service"}
{"level":"info","message":"Posts gets with succes!","service":"user-service"}
{"level":"info","message":"Posts gets with succes!","service":"user-service"}
{"level":"info","message":"Posts gets with succes!","service":"user-service"}
{"level":"info","message":"Posts gets with succes!","service":"user-service"}
{"level":"info","message":"Posts gets with succes!","service":"user-service"}
{"level":"info","message":"Posts gets with succes!","service":"user-service"}
{"level":"info","message":"Posts gets with succes!","service":"user-service"}
{"level":"info","message":"Posts gets with succes!","service":"user-service"}
{"level":"info","message":"Posts gets with succes!","service":"user-service"}
{"level":"info","message":"Posts gets with succes!","service":"user-service"}
{"level":"info","message":"Posts gets with succes!","service":"user-service"}
{"level":"info","message":"Posts gets with succes!","service":"user-service"}
{"level":"info","message":"Posts gets with succes!","service":"user-service"}
{"level":"info","message":"Posts gets with succes!","service":"user-service"}
{"level":"info","message":"Posts gets with succes!","service":"user-service"}
{"level":"info","message":"Posts gets with succes!","service":"user-service"}
{"level":"info","message":"Posts gets with succes!","service":"user-service"}
{"level":"info","message":"Posts obtidos com sucesso","service":"user-service"}
{"level":"info","message":"Posts obtidos com sucesso","service":"user-service"}
{"level":"info","message":"Posts gets with succes!","service":"user-service"}
{"level":"info","message":"Posts gets with succes!"}
{"level":"info","message":"Posts gets with succes!"}
{"level":"info","message":"Posts gets with succes!"}
{"level":"info","message":"Posts gets with succes!"}
{"level":"info","message":"Posts gets with succes!"}
{"level":"info","message":"Posts gets with succes!"}
{"level":"info","message":"Posts gets with succes!"}
{"level":"info","message":"Posts gets with succes!"}
{"level":"info","message":"Posts gets with succes!"}
{"level":"info","message":"Posts gets with succes!"}
{"level":"info","message":"Posts gets with succes!"}
{"level":"info","message":"Posts gets with succes!"}
{"level":"info","message":"Posts gets with succes!"}
{"level":"info","message":"Posts gets with succes!"}
{"level":"info","message":"Posts gets with succes!"}
{"level":"info","message":"Posts obtidos com sucesso"}
{"level":"info","message":"Posts obtidos com sucesso"}
{"level":"info","message":"Posts obtidos com sucesso"}
{"level":"info","message":"Posts obtidos com sucesso"}
{"level":"info","message":"Posts obtidos com sucesso"}
{"level":"info","message":"Posts obtidos com sucesso"}
{"level":"info","message":"Posts obtidos com sucesso"}
{"level":"info","message":"Posts gets with succes!"}
{"level":"info","message":"Posts obtidos com sucesso"}
{"level":"info","message":"Posts obtidos com sucesso"}
{"level":"info","message":"Posts gets with succes!"}
{"level":"info","message":"Posts gets with succes!"}
{"level":"info","message":"Posts gets with succes!"}
{"level":"info","message":"Posts gets with succes!"}
{"level":"info","message":"Posts gets with succes!"}
{"level":"info","message":"Posts gets with succes!"}
{"level":"info","message":"Posts gets with succes!"}
{"level":"error","message":"Something went wrong"}
{"level":"info","message":"Posts gets with succes!"}
{"level":"error","message":"Something went wrong"}
{"level":"info","message":"Posts gets with succes!"}
{"level":"info","message":"Posts gets with succes!"}
{"level":"info","message":"Posts gets with succes!"}
{"level":"info","message":"Posts gets with succes!"}
{"level":"info","message":"Posts gets with succes!"}
{"level":"info","message":"Posts gets with succes!"}
{"level":"info","message":"Posts gets with succes!"}
{"level":"info","message":"Posts gets with succes!"}
{"level":"info","message":"Posts gets with succes!"}
{"level":"info","message":"Posts gets with succes!"}
{"level":"info","message":"Posts gets with succes!"}
{"level":"info","message":"Posts gets with succes!"}
{"level":"info","message":"Posts gets with succes!"}
{"level":"info","message":"Posts gets with succes!"}
{"level":"info","message":"Posts gets with succes!"}
{"level":"info","message":"Posts gets with succes!"}
{"level":"info","message":"Posts gets with succes!"}
{"level":"info","message":"Posts gets with succes!"}
{"level":"info","message":"Posts gets with succes!"}
{"level":"info","message":"Posts gets with succes!"}
{"level":"info","message":"Posts gets with succes!"}
{"level":"info","message":"Posts gets with succes!"}
{"level":"info","message":"Posts gets with succes!"}
{"level":"info","message":"Posts gets with succes!"}
{"level":"info","message":"Posts gets with succes!"}
{"level":"info","message":"Posts gets with succes!"}
{"level":"info","message":"Posts gets with succes!"}
{"level":"info","message":"Posts gets with succes!"}
{"level":"info","message":"Posts gets with succes!"}
{"level":"info","message":"Posts gets with succes!"}
{"level":"info","message":"Posts gets with succes!"}
{"level":"info","message":"Posts gets with succes!"}
{"level":"info","message":"Posts gets with succes!"}
{"level":"info","message":"Posts gets with succes!"}
{"level":"info","message":"Posts gets with succes!"}
{"level":"info","message":"Posts gets with succes!"}
{"level":"info","message":"Posts gets with succes!"}
{"level":"info","message":"Posts gets with succes!"}
{"level":"info","message":"Posts gets with succes!"}
{"level":"info","message":"Posts gets with succes!"}
{"level":"info","message":"Posts gets with succes!"}
{"level":"info","message":"Posts gets with succes!"}
{"level":"info","message":"Posts gets with succes!"}
{"level":"info","message":"Posts gets with succes!"}
{"level":"info","message":"Posts gets with succes!"}
{"level":"info","message":"Posts gets with succes!"}
{"level":"info","message":"Posts gets with succes!"}
{"level":"info","message":"Posts gets with succes!"}
{"level":"info","message":"Posts gets with succes!"}
{"level":"info","message":"Posts gets with succes!"}
{"level":"info","message":"Posts gets with succes!"}
{"level":"info","message":"Posts gets with succes!"}
{"level":"info","message":"Posts gets with succes!"}
{"level":"info","message":"Posts gets with succes!"}
{"level":"info","message":"Posts gets with succes!"}
{"level":"info","message":"Posts gets with succes!"}
{"level":"info","message":"Posts gets with succes!"}
{"level":"info","message":"Posts gets with succes!"}
{"level":"info","message":"Posts gets with succes!"}
{"level":"info","message":"Posts gets with succes!"}
{"level":"info","message":"Posts gets with succes!"}
{"level":"info","message":"Posts gets with succes!"}
{"level":"info","message":"Posts gets with succes!"}
{"level":"info","message":"Posts gets with succes!"}
{"level":"info","message":"Posts gets with succes!"}
{"level":"info","message":"Posts gets with succes!"}
{"level":"info","message":"Posts gets with succes!"}
{"level":"info","message":"Posts gets with succes!"}
{"level":"info","message":"Posts gets with succes!"}
{"level":"info","message":"Posts gets with succes!"}
{"level":"info","message":"Posts gets with succes!"}
{"level":"info","message":"Posts gets with succes!"}
{"level":"info","message":"Posts gets with succes!"}
{"level":"info","message":"Posts gets with succes!"}
{"level":"info","message":"Posts gets with succes!"}
{"level":"info","message":"Posts gets with succes!"}
{"level":"info","message":"Posts gets with succes!"}
{"level":"info","message":"Posts gets with succes!"}
{"level":"info","message":"Posts gets with succes!"}
{"level":"info","message":"Posts gets with succes!"}
{"level":"info","message":"Posts gets with succes!"}
{"level":"info","message":"Posts gets with succes!"}
{"level":"info","message":"Posts gets with succes!"}
{"level":"info","message":"Posts gets with succes!"}
{"level":"info","message":"Posts gets with succes!"}
{"level":"info","message":"Posts gets with succes!"}
